[14-Sep-2017 01:37:24 UTC] PHP Parse error:  syntax error, unexpected '[' in /home/ubuntu/workspace/cforsythe/homework/homework2/index.php on line 5
[14-Sep-2017 01:38:13 UTC] PHP Parse error:  syntax error, unexpected '[' in /home/ubuntu/workspace/cforsythe/homework/homework2/index.php on line 5
[14-Sep-2017 01:38:15 UTC] PHP Parse error:  syntax error, unexpected '[' in /home/ubuntu/workspace/cforsythe/homework/homework2/index.php on line 5
[14-Sep-2017 01:38:15 UTC] PHP Parse error:  syntax error, unexpected '[' in /home/ubuntu/workspace/cforsythe/homework/homework2/index.php on line 5
[14-Sep-2017 01:38:16 UTC] PHP Parse error:  syntax error, unexpected '[' in /home/ubuntu/workspace/cforsythe/homework/homework2/index.php on line 5
[14-Sep-2017 01:38:16 UTC] PHP Parse error:  syntax error, unexpected '[' in /home/ubuntu/workspace/cforsythe/homework/homework2/index.php on line 5
[14-Sep-2017 01:38:16 UTC] PHP Parse error:  syntax error, unexpected '[' in /home/ubuntu/workspace/cforsythe/homework/homework2/index.php on line 5
[14-Sep-2017 01:38:16 UTC] PHP Parse error:  syntax error, unexpected '[' in /home/ubuntu/workspace/cforsythe/homework/homework2/index.php on line 5
[20-Sep-2017 07:29:23 UTC] PHP Warning:  Missing argument 3 for display(), called in /home/ubuntu/workspace/cforsythe/homework/homework2/inc/functions.php on line 15 and defined in /home/ubuntu/workspace/cforsythe/homework/homework2/inc/functions.php on line 18
[20-Sep-2017 07:29:23 UTC] PHP Stack trace:
[20-Sep-2017 07:29:23 UTC] PHP   1. {main}() /home/ubuntu/workspace/cforsythe/homework/homework2/index.php:0
[20-Sep-2017 07:29:23 UTC] PHP   2. generate() /home/ubuntu/workspace/cforsythe/homework/homework2/index.php:15
[20-Sep-2017 07:29:23 UTC] PHP   3. display() /home/ubuntu/workspace/cforsythe/homework/homework2/inc/functions.php:15
[20-Sep-2017 07:29:23 UTC] PHP Warning:  Missing argument 3 for display(), called in /home/ubuntu/workspace/cforsythe/homework/homework2/inc/functions.php on line 15 and defined in /home/ubuntu/workspace/cforsythe/homework/homework2/inc/functions.php on line 18
[20-Sep-2017 07:29:23 UTC] PHP Stack trace:
[20-Sep-2017 07:29:23 UTC] PHP   1. {main}() /home/ubuntu/workspace/cforsythe/homework/homework2/index.php:0
[20-Sep-2017 07:29:23 UTC] PHP   2. generate() /home/ubuntu/workspace/cforsythe/homework/homework2/index.php:15
[20-Sep-2017 07:29:23 UTC] PHP   3. display() /home/ubuntu/workspace/cforsythe/homework/homework2/inc/functions.php:15
[20-Sep-2017 10:12:13 UTC] PHP Parse error:  syntax error, unexpected '}', expecting ',' or ';' in /home/ubuntu/workspace/cforsythe/homework/homework2/inc/functions.php on line 45
[20-Sep-2017 10:12:13 UTC] PHP Stack trace:
[20-Sep-2017 10:12:13 UTC] PHP   1. {main}() /home/ubuntu/workspace/cforsythe/homework/homework2/index.php:0
[11-Oct-2017 10:35:47 UTC] PHP Warning:  Invalid argument supplied for foreach() in /home/ubuntu/workspace/cforsythe/homework/homework3/inc/functions.php on line 19
[11-Oct-2017 10:35:47 UTC] PHP Stack trace:
[11-Oct-2017 10:35:47 UTC] PHP   1. {main}() /home/ubuntu/workspace/cforsythe/homework/homework3/index.php:0
[11-Oct-2017 10:35:47 UTC] PHP   2. getMessage() /home/ubuntu/workspace/cforsythe/homework/homework3/index.php:13
[11-Oct-2017 10:35:47 UTC] PHP   3. generateAnswer() /home/ubuntu/workspace/cforsythe/homework/homework3/inc/functions.php:38
[11-Oct-2017 10:46:30 UTC] PHP Warning:  Invalid argument supplied for foreach() in /home/ubuntu/workspace/cforsythe/homework/homework3/inc/functions.php on line 19
[11-Oct-2017 10:46:30 UTC] PHP Stack trace:
[11-Oct-2017 10:46:30 UTC] PHP   1. {main}() /home/ubuntu/workspace/cforsythe/homework/homework3/index.php:0
[11-Oct-2017 10:46:30 UTC] PHP   2. getMessage() /home/ubuntu/workspace/cforsythe/homework/homework3/index.php:13
[11-Oct-2017 10:46:30 UTC] PHP   3. generateAnswer() /home/ubuntu/workspace/cforsythe/homework/homework3/inc/functions.php:38
[30-Nov-2017 03:34:05 UTC] PHP Fatal error:  Uncaught exception 'PDOException' with message 'SQLSTATE[23000]: Integrity constraint violation: 1048 Column 'searched' cannot be null' in /home/ubuntu/workspace/cforsythe/homework/homework5/insertSearch.php:14
Stack trace:
#0 /home/ubuntu/workspace/cforsythe/homework/homework5/insertSearch.php(14): PDOStatement->execute(Array)
#1 {main}
  thrown in /home/ubuntu/workspace/cforsythe/homework/homework5/insertSearch.php on line 14
[30-Nov-2017 03:34:40 UTC] PHP Fatal error:  Uncaught exception 'PDOException' with message 'SQLSTATE[42000]: Syntax error or access violation: 1064 You have an error in your SQL syntax; check the manual that corresponds to your MySQL server version for the right syntax to use near ''searched')
        VALUES(NULL)' at line 1' in /home/ubuntu/workspace/cforsythe/homework/homework5/insertSearch.php:14
Stack trace:
#0 /home/ubuntu/workspace/cforsythe/homework/homework5/insertSearch.php(14): PDOStatement->execute(Array)
#1 {main}
  thrown in /home/ubuntu/workspace/cforsythe/homework/homework5/insertSearch.php on line 14
[30-Nov-2017 03:35:31 UTC] PHP Fatal error:  Uncaught exception 'PDOException' with message 'SQLSTATE[23000]: Integrity constraint violation: 1048 Column 'searched' cannot be null' in /home/ubuntu/workspace/cforsythe/homework/homework5/insertSearch.php:14
Stack trace:
#0 /home/ubuntu/workspace/cforsythe/homework/homework5/insertSearch.php(14): PDOStatement->execute(Array)
#1 {main}
  thrown in /home/ubuntu/workspace/cforsythe/homework/homework5/insertSearch.php on line 14
