[06-Sep-2017 20:35:09 UTC] PHP Parse error:  syntax error, unexpected '{' in /home/ubuntu/workspace/cforsythe/labs/lab2/index.php on line 13
[06-Sep-2017 20:36:14 UTC] PHP Parse error:  syntax error, unexpected '{' in /home/ubuntu/workspace/cforsythe/labs/lab2/index.php on line 13
[06-Sep-2017 20:44:33 UTC] PHP Parse error:  syntax error, unexpected ':' in /home/ubuntu/workspace/cforsythe/labs/lab2/index.php on line 45
[22-Sep-2017 19:43:51 UTC] PHP Parse error:  syntax error, unexpected '}' in /home/ubuntu/workspace/cforsythe/labs/lab4/index.php on line 9
[22-Sep-2017 19:43:52 UTC] PHP Parse error:  syntax error, unexpected '}' in /home/ubuntu/workspace/cforsythe/labs/lab4/index.php on line 9
[22-Sep-2017 19:53:26 UTC] PHP Parse error:  syntax error, unexpected ''" ${_GET['' (T_CONSTANT_ENCAPSED_STRING), expecting ',' or ';' in /home/ubuntu/workspace/cforsythe/labs/lab4/index.php on line 5
[22-Sep-2017 19:53:27 UTC] PHP Parse error:  syntax error, unexpected ''" ${_GET['' (T_CONSTANT_ENCAPSED_STRING), expecting ',' or ';' in /home/ubuntu/workspace/cforsythe/labs/lab4/index.php on line 5
[22-Sep-2017 19:54:33 UTC] PHP Parse error:  syntax error, unexpected '' ${_GET['' (T_CONSTANT_ENCAPSED_STRING), expecting ',' or ';' in /home/ubuntu/workspace/cforsythe/labs/lab4/index.php on line 5
[22-Sep-2017 19:54:34 UTC] PHP Parse error:  syntax error, unexpected '' ${_GET['' (T_CONSTANT_ENCAPSED_STRING), expecting ',' or ';' in /home/ubuntu/workspace/cforsythe/labs/lab4/index.php on line 5
[22-Sep-2017 19:54:34 UTC] PHP Parse error:  syntax error, unexpected '' ${_GET['' (T_CONSTANT_ENCAPSED_STRING), expecting ',' or ';' in /home/ubuntu/workspace/cforsythe/labs/lab4/index.php on line 5
[22-Sep-2017 19:54:34 UTC] PHP Parse error:  syntax error, unexpected '' ${_GET['' (T_CONSTANT_ENCAPSED_STRING), expecting ',' or ';' in /home/ubuntu/workspace/cforsythe/labs/lab4/index.php on line 5
[22-Sep-2017 19:54:34 UTC] PHP Parse error:  syntax error, unexpected '' ${_GET['' (T_CONSTANT_ENCAPSED_STRING), expecting ',' or ';' in /home/ubuntu/workspace/cforsythe/labs/lab4/index.php on line 5
[22-Sep-2017 19:54:35 UTC] PHP Parse error:  syntax error, unexpected '' ${_GET['' (T_CONSTANT_ENCAPSED_STRING), expecting ',' or ';' in /home/ubuntu/workspace/cforsythe/labs/lab4/index.php on line 5
[22-Sep-2017 19:54:35 UTC] PHP Parse error:  syntax error, unexpected '' ${_GET['' (T_CONSTANT_ENCAPSED_STRING), expecting ',' or ';' in /home/ubuntu/workspace/cforsythe/labs/lab4/index.php on line 5
[22-Sep-2017 19:54:35 UTC] PHP Parse error:  syntax error, unexpected '' ${_GET['' (T_CONSTANT_ENCAPSED_STRING), expecting ',' or ';' in /home/ubuntu/workspace/cforsythe/labs/lab4/index.php on line 5
[22-Sep-2017 19:54:35 UTC] PHP Parse error:  syntax error, unexpected '' ${_GET['' (T_CONSTANT_ENCAPSED_STRING), expecting ',' or ';' in /home/ubuntu/workspace/cforsythe/labs/lab4/index.php on line 5
[22-Sep-2017 19:54:35 UTC] PHP Parse error:  syntax error, unexpected '' ${_GET['' (T_CONSTANT_ENCAPSED_STRING), expecting ',' or ';' in /home/ubuntu/workspace/cforsythe/labs/lab4/index.php on line 5
[22-Sep-2017 19:54:35 UTC] PHP Parse error:  syntax error, unexpected '' ${_GET['' (T_CONSTANT_ENCAPSED_STRING), expecting ',' or ';' in /home/ubuntu/workspace/cforsythe/labs/lab4/index.php on line 5
[22-Sep-2017 19:54:36 UTC] PHP Parse error:  syntax error, unexpected '' ${_GET['' (T_CONSTANT_ENCAPSED_STRING), expecting ',' or ';' in /home/ubuntu/workspace/cforsythe/labs/lab4/index.php on line 5
[27-Sep-2017 20:45:59 UTC] PHP Fatal error:  Maximum execution time of 300 seconds exceeded in /home/ubuntu/workspace/cforsythe/labs/lab4/index.php on line 17
[27-Sep-2017 20:45:59 UTC] PHP Stack trace:
[27-Sep-2017 20:45:59 UTC] PHP   1. {main}() /home/ubuntu/workspace/cforsythe/labs/lab4/index.php:0
[28-Sep-2017 23:38:44 UTC] PHP Parse error:  syntax error, unexpected '{', expecting '(' in /home/ubuntu/workspace/cforsythe/labs/lab4/index.php on line 3
[28-Sep-2017 23:39:04 UTC] PHP Parse error:  syntax error, unexpected '<' in /home/ubuntu/workspace/cforsythe/labs/lab4/index.php on line 46
[28-Sep-2017 23:45:21 UTC] PHP Fatal error:  Maximum execution time of 300 seconds exceeded in /home/ubuntu/workspace/cforsythe/labs/lab4/index.php on line 17
[28-Sep-2017 23:45:21 UTC] PHP Stack trace:
[28-Sep-2017 23:45:21 UTC] PHP   1. {main}() /home/ubuntu/workspace/cforsythe/labs/lab4/index.php:0
[28-Sep-2017 23:52:44 UTC] PHP Fatal error:  Maximum execution time of 300 seconds exceeded in /home/ubuntu/workspace/cforsythe/labs/lab4/index.php on line 17
[28-Sep-2017 23:52:44 UTC] PHP Stack trace:
[28-Sep-2017 23:52:44 UTC] PHP   1. {main}() /home/ubuntu/workspace/cforsythe/labs/lab4/index.php:0
[29-Sep-2017 00:17:56 UTC] PHP Fatal error:  Function name must be a string in /home/ubuntu/workspace/cforsythe/labs/lab4/index.php on line 15
[29-Sep-2017 00:17:56 UTC] PHP Stack trace:
[29-Sep-2017 00:17:56 UTC] PHP   1. {main}() /home/ubuntu/workspace/cforsythe/labs/lab4/index.php:0
[29-Sep-2017 00:18:42 UTC] PHP Fatal error:  Function name must be a string in /home/ubuntu/workspace/cforsythe/labs/lab4/index.php on line 15
[29-Sep-2017 00:18:42 UTC] PHP Stack trace:
[29-Sep-2017 00:18:42 UTC] PHP   1. {main}() /home/ubuntu/workspace/cforsythe/labs/lab4/index.php:0
[29-Sep-2017 00:18:43 UTC] PHP Fatal error:  Function name must be a string in /home/ubuntu/workspace/cforsythe/labs/lab4/index.php on line 15
[29-Sep-2017 00:18:43 UTC] PHP Stack trace:
[29-Sep-2017 00:18:43 UTC] PHP   1. {main}() /home/ubuntu/workspace/cforsythe/labs/lab4/index.php:0
[29-Sep-2017 00:18:43 UTC] PHP Fatal error:  Function name must be a string in /home/ubuntu/workspace/cforsythe/labs/lab4/index.php on line 15
[29-Sep-2017 00:18:43 UTC] PHP Stack trace:
[29-Sep-2017 00:18:43 UTC] PHP   1. {main}() /home/ubuntu/workspace/cforsythe/labs/lab4/index.php:0
[29-Sep-2017 00:18:44 UTC] PHP Fatal error:  Function name must be a string in /home/ubuntu/workspace/cforsythe/labs/lab4/index.php on line 15
[29-Sep-2017 00:18:44 UTC] PHP Stack trace:
[29-Sep-2017 00:18:44 UTC] PHP   1. {main}() /home/ubuntu/workspace/cforsythe/labs/lab4/index.php:0
[29-Sep-2017 00:18:45 UTC] PHP Fatal error:  Function name must be a string in /home/ubuntu/workspace/cforsythe/labs/lab4/index.php on line 15
[29-Sep-2017 00:18:45 UTC] PHP Stack trace:
[29-Sep-2017 00:18:45 UTC] PHP   1. {main}() /home/ubuntu/workspace/cforsythe/labs/lab4/index.php:0
[29-Sep-2017 00:18:46 UTC] PHP Fatal error:  Function name must be a string in /home/ubuntu/workspace/cforsythe/labs/lab4/index.php on line 15
[29-Sep-2017 00:18:46 UTC] PHP Stack trace:
[29-Sep-2017 00:18:46 UTC] PHP   1. {main}() /home/ubuntu/workspace/cforsythe/labs/lab4/index.php:0
[29-Sep-2017 00:18:46 UTC] PHP Fatal error:  Function name must be a string in /home/ubuntu/workspace/cforsythe/labs/lab4/index.php on line 15
[29-Sep-2017 00:18:46 UTC] PHP Stack trace:
[29-Sep-2017 00:18:46 UTC] PHP   1. {main}() /home/ubuntu/workspace/cforsythe/labs/lab4/index.php:0
[29-Sep-2017 00:18:46 UTC] PHP Fatal error:  Function name must be a string in /home/ubuntu/workspace/cforsythe/labs/lab4/index.php on line 15
[29-Sep-2017 00:18:46 UTC] PHP Stack trace:
[29-Sep-2017 00:18:46 UTC] PHP   1. {main}() /home/ubuntu/workspace/cforsythe/labs/lab4/index.php:0
[29-Sep-2017 00:18:46 UTC] PHP Fatal error:  Function name must be a string in /home/ubuntu/workspace/cforsythe/labs/lab4/index.php on line 15
[29-Sep-2017 00:18:46 UTC] PHP Stack trace:
[29-Sep-2017 00:18:46 UTC] PHP   1. {main}() /home/ubuntu/workspace/cforsythe/labs/lab4/index.php:0
[29-Sep-2017 00:18:48 UTC] PHP Fatal error:  Function name must be a string in /home/ubuntu/workspace/cforsythe/labs/lab4/index.php on line 15
[29-Sep-2017 00:18:48 UTC] PHP Stack trace:
[29-Sep-2017 00:18:48 UTC] PHP   1. {main}() /home/ubuntu/workspace/cforsythe/labs/lab4/index.php:0
[29-Sep-2017 00:18:48 UTC] PHP Fatal error:  Function name must be a string in /home/ubuntu/workspace/cforsythe/labs/lab4/index.php on line 15
[29-Sep-2017 00:18:48 UTC] PHP Stack trace:
[29-Sep-2017 00:18:48 UTC] PHP   1. {main}() /home/ubuntu/workspace/cforsythe/labs/lab4/index.php:0
[29-Sep-2017 00:18:48 UTC] PHP Fatal error:  Function name must be a string in /home/ubuntu/workspace/cforsythe/labs/lab4/index.php on line 15
[29-Sep-2017 00:18:48 UTC] PHP Stack trace:
[29-Sep-2017 00:18:48 UTC] PHP   1. {main}() /home/ubuntu/workspace/cforsythe/labs/lab4/index.php:0
[29-Sep-2017 00:18:49 UTC] PHP Fatal error:  Function name must be a string in /home/ubuntu/workspace/cforsythe/labs/lab4/index.php on line 15
[29-Sep-2017 00:18:49 UTC] PHP Stack trace:
[29-Sep-2017 00:18:49 UTC] PHP   1. {main}() /home/ubuntu/workspace/cforsythe/labs/lab4/index.php:0
[29-Sep-2017 00:18:49 UTC] PHP Fatal error:  Function name must be a string in /home/ubuntu/workspace/cforsythe/labs/lab4/index.php on line 15
[29-Sep-2017 00:18:49 UTC] PHP Stack trace:
[29-Sep-2017 00:18:49 UTC] PHP   1. {main}() /home/ubuntu/workspace/cforsythe/labs/lab4/index.php:0
[29-Sep-2017 00:18:49 UTC] PHP Fatal error:  Function name must be a string in /home/ubuntu/workspace/cforsythe/labs/lab4/index.php on line 15
[29-Sep-2017 00:18:49 UTC] PHP Stack trace:
[29-Sep-2017 00:18:49 UTC] PHP   1. {main}() /home/ubuntu/workspace/cforsythe/labs/lab4/index.php:0
[29-Sep-2017 00:18:49 UTC] PHP Fatal error:  Function name must be a string in /home/ubuntu/workspace/cforsythe/labs/lab4/index.php on line 15
[29-Sep-2017 00:18:49 UTC] PHP Stack trace:
[29-Sep-2017 00:18:49 UTC] PHP   1. {main}() /home/ubuntu/workspace/cforsythe/labs/lab4/index.php:0
[29-Sep-2017 00:18:49 UTC] PHP Fatal error:  Function name must be a string in /home/ubuntu/workspace/cforsythe/labs/lab4/index.php on line 15
[29-Sep-2017 00:18:49 UTC] PHP Stack trace:
[29-Sep-2017 00:18:49 UTC] PHP   1. {main}() /home/ubuntu/workspace/cforsythe/labs/lab4/index.php:0
[29-Sep-2017 00:18:49 UTC] PHP Fatal error:  Function name must be a string in /home/ubuntu/workspace/cforsythe/labs/lab4/index.php on line 15
[29-Sep-2017 00:18:49 UTC] PHP Stack trace:
[29-Sep-2017 00:18:49 UTC] PHP   1. {main}() /home/ubuntu/workspace/cforsythe/labs/lab4/index.php:0
[29-Sep-2017 00:22:59 UTC] PHP Fatal error:  Cannot break/continue 1 level in /home/ubuntu/workspace/cforsythe/labs/lab4/index.php on line 25
[29-Sep-2017 00:22:59 UTC] PHP Stack trace:
[29-Sep-2017 00:22:59 UTC] PHP   1. {main}() /home/ubuntu/workspace/cforsythe/labs/lab4/index.php:0
[29-Sep-2017 00:23:01 UTC] PHP Fatal error:  Cannot break/continue 1 level in /home/ubuntu/workspace/cforsythe/labs/lab4/index.php on line 25
[29-Sep-2017 00:23:01 UTC] PHP Stack trace:
[29-Sep-2017 00:23:01 UTC] PHP   1. {main}() /home/ubuntu/workspace/cforsythe/labs/lab4/index.php:0
[29-Sep-2017 00:23:02 UTC] PHP Fatal error:  Cannot break/continue 1 level in /home/ubuntu/workspace/cforsythe/labs/lab4/index.php on line 25
[29-Sep-2017 00:23:02 UTC] PHP Stack trace:
[29-Sep-2017 00:23:02 UTC] PHP   1. {main}() /home/ubuntu/workspace/cforsythe/labs/lab4/index.php:0
[29-Sep-2017 00:23:02 UTC] PHP Fatal error:  Cannot break/continue 1 level in /home/ubuntu/workspace/cforsythe/labs/lab4/index.php on line 25
[29-Sep-2017 00:23:02 UTC] PHP Stack trace:
[29-Sep-2017 00:23:02 UTC] PHP   1. {main}() /home/ubuntu/workspace/cforsythe/labs/lab4/index.php:0
[29-Sep-2017 00:23:02 UTC] PHP Fatal error:  Cannot break/continue 1 level in /home/ubuntu/workspace/cforsythe/labs/lab4/index.php on line 25
[29-Sep-2017 00:23:02 UTC] PHP Stack trace:
[29-Sep-2017 00:23:02 UTC] PHP   1. {main}() /home/ubuntu/workspace/cforsythe/labs/lab4/index.php:0
[29-Sep-2017 00:23:02 UTC] PHP Fatal error:  Cannot break/continue 1 level in /home/ubuntu/workspace/cforsythe/labs/lab4/index.php on line 25
[29-Sep-2017 00:23:02 UTC] PHP Stack trace:
[29-Sep-2017 00:23:02 UTC] PHP   1. {main}() /home/ubuntu/workspace/cforsythe/labs/lab4/index.php:0
[29-Sep-2017 00:23:02 UTC] PHP Fatal error:  Cannot break/continue 1 level in /home/ubuntu/workspace/cforsythe/labs/lab4/index.php on line 25
[29-Sep-2017 00:23:02 UTC] PHP Stack trace:
[29-Sep-2017 00:23:02 UTC] PHP   1. {main}() /home/ubuntu/workspace/cforsythe/labs/lab4/index.php:0
[29-Sep-2017 00:23:03 UTC] PHP Fatal error:  Cannot break/continue 1 level in /home/ubuntu/workspace/cforsythe/labs/lab4/index.php on line 25
[29-Sep-2017 00:23:03 UTC] PHP Stack trace:
[29-Sep-2017 00:23:03 UTC] PHP   1. {main}() /home/ubuntu/workspace/cforsythe/labs/lab4/index.php:0
[29-Sep-2017 00:23:03 UTC] PHP Fatal error:  Cannot break/continue 1 level in /home/ubuntu/workspace/cforsythe/labs/lab4/index.php on line 25
[29-Sep-2017 00:23:03 UTC] PHP Stack trace:
[29-Sep-2017 00:23:03 UTC] PHP   1. {main}() /home/ubuntu/workspace/cforsythe/labs/lab4/index.php:0
[29-Sep-2017 00:38:38 UTC] PHP Fatal error:  Maximum execution time of 300 seconds exceeded in /home/ubuntu/workspace/cforsythe/labs/lab4/index.php on line 18
[29-Sep-2017 00:38:38 UTC] PHP Stack trace:
[29-Sep-2017 00:38:38 UTC] PHP   1. {main}() /home/ubuntu/workspace/cforsythe/labs/lab4/index.php:0
[29-Sep-2017 00:38:38 UTC] PHP   2. pictures() /home/ubuntu/workspace/cforsythe/labs/lab4/index.php:45
[29-Sep-2017 00:43:58 UTC] PHP Fatal error:  Maximum execution time of 300 seconds exceeded in /home/ubuntu/workspace/cforsythe/labs/lab4/index.php on line 17
[29-Sep-2017 00:43:58 UTC] PHP Stack trace:
[29-Sep-2017 00:43:58 UTC] PHP   1. {main}() /home/ubuntu/workspace/cforsythe/labs/lab4/index.php:0
[29-Sep-2017 01:06:59 UTC] PHP Fatal error:  Maximum execution time of 300 seconds exceeded in /home/ubuntu/workspace/cforsythe/labs/lab4/index.php on line 17
[29-Sep-2017 01:07:00 UTC] PHP Stack trace:
[29-Sep-2017 01:07:00 UTC] PHP   1. {main}() /home/ubuntu/workspace/cforsythe/labs/lab4/index.php:0
[29-Sep-2017 01:07:00 UTC] PHP   2. rand() /home/ubuntu/workspace/cforsythe/labs/lab4/index.php:17
[29-Sep-2017 03:08:27 UTC] PHP Fatal error:  Maximum execution time of 300 seconds exceeded in /home/ubuntu/workspace/cforsythe/labs/lab4/index.php on line 19
[29-Sep-2017 03:08:27 UTC] PHP Stack trace:
[29-Sep-2017 03:08:27 UTC] PHP   1. {main}() /home/ubuntu/workspace/cforsythe/labs/lab4/index.php:0
[29-Sep-2017 03:08:27 UTC] PHP   2. displayPictures() /home/ubuntu/workspace/cforsythe/labs/lab4/index.php:53
[29-Sep-2017 03:11:51 UTC] PHP Fatal error:  Maximum execution time of 300 seconds exceeded in /home/ubuntu/workspace/cforsythe/labs/lab4/index.php on line 19
[29-Sep-2017 03:11:52 UTC] PHP Stack trace:
[29-Sep-2017 03:11:52 UTC] PHP   1. {main}() /home/ubuntu/workspace/cforsythe/labs/lab4/index.php:0
[29-Sep-2017 03:11:52 UTC] PHP   2. displayPictures() /home/ubuntu/workspace/cforsythe/labs/lab4/index.php:53
[29-Sep-2017 03:14:30 UTC] PHP Fatal error:  Maximum execution time of 300 seconds exceeded in /home/ubuntu/workspace/cforsythe/labs/lab4/index.php on line 20
[29-Sep-2017 03:14:30 UTC] PHP Stack trace:
[29-Sep-2017 03:14:30 UTC] PHP   1. {main}() /home/ubuntu/workspace/cforsythe/labs/lab4/index.php:0
[29-Sep-2017 03:14:30 UTC] PHP   2. displayPictures() /home/ubuntu/workspace/cforsythe/labs/lab4/index.php:54
[29-Sep-2017 03:15:58 UTC] PHP Fatal error:  Maximum execution time of 300 seconds exceeded in /home/ubuntu/workspace/cforsythe/labs/lab4/index.php on line 16
[29-Sep-2017 03:15:58 UTC] PHP Stack trace:
[29-Sep-2017 03:15:58 UTC] PHP   1. {main}() /home/ubuntu/workspace/cforsythe/labs/lab4/index.php:0
[29-Sep-2017 03:15:58 UTC] PHP   2. displayPictures() /home/ubuntu/workspace/cforsythe/labs/lab4/index.php:50
[29-Sep-2017 19:20:21 UTC] PHP Fatal error:  Cannot redeclare getImageURLs() (previously declared in /home/ubuntu/workspace/cforsythe/labs/lab4/api/pixabayAPI.php:4) in /home/ubuntu/workspace/cforsythe/labs/lab4/api/pixabayAPI.php on line 4
[29-Sep-2017 19:20:21 UTC] PHP Stack trace:
[29-Sep-2017 19:20:21 UTC] PHP   1. {main}() /home/ubuntu/workspace/cforsythe/labs/lab4/index.php:0
[29-Sep-2017 19:20:21 UTC] PHP   2. displayPictures() /home/ubuntu/workspace/cforsythe/labs/lab4/index.php:53
[29-Sep-2017 19:20:41 UTC] PHP Fatal error:  Cannot redeclare getImageURLs() (previously declared in /home/ubuntu/workspace/cforsythe/labs/lab4/api/pixabayAPI.php:4) in /home/ubuntu/workspace/cforsythe/labs/lab4/api/pixabayAPI.php on line 4
[29-Sep-2017 19:20:41 UTC] PHP Stack trace:
[29-Sep-2017 19:20:41 UTC] PHP   1. {main}() /home/ubuntu/workspace/cforsythe/labs/lab4/index.php:0
[29-Sep-2017 19:20:41 UTC] PHP   2. displayPictures() /home/ubuntu/workspace/cforsythe/labs/lab4/index.php:53
[29-Sep-2017 19:21:59 UTC] PHP Fatal error:  Cannot redeclare getImageURLs() (previously declared in /home/ubuntu/workspace/cforsythe/labs/lab4/api/pixabayAPI.php:4) in /home/ubuntu/workspace/cforsythe/labs/lab4/api/pixabayAPI.php on line 4
[29-Sep-2017 19:21:59 UTC] PHP Stack trace:
[29-Sep-2017 19:21:59 UTC] PHP   1. {main}() /home/ubuntu/workspace/cforsythe/labs/lab4/index.php:0
[29-Sep-2017 19:21:59 UTC] PHP   2. displayPictures() /home/ubuntu/workspace/cforsythe/labs/lab4/index.php:52
[29-Sep-2017 19:22:28 UTC] PHP Fatal error:  Cannot redeclare getImageURLs() (previously declared in /home/ubuntu/workspace/cforsythe/labs/lab4/api/pixabayAPI.php:4) in /home/ubuntu/workspace/cforsythe/labs/lab4/api/pixabayAPI.php on line 4
[29-Sep-2017 19:22:28 UTC] PHP Stack trace:
[29-Sep-2017 19:22:28 UTC] PHP   1. {main}() /home/ubuntu/workspace/cforsythe/labs/lab4/index.php:0
[29-Sep-2017 19:22:28 UTC] PHP   2. displayPictures() /home/ubuntu/workspace/cforsythe/labs/lab4/index.php:52
[29-Sep-2017 19:34:49 UTC] PHP Fatal error:  Maximum execution time of 300 seconds exceeded in /home/ubuntu/workspace/cforsythe/labs/lab4/index.php on line 37
[29-Sep-2017 19:34:49 UTC] PHP Stack trace:
[29-Sep-2017 19:34:49 UTC] PHP   1. {main}() /home/ubuntu/workspace/cforsythe/labs/lab4/index.php:0
[29-Sep-2017 19:34:49 UTC] PHP   2. displayPictures() /home/ubuntu/workspace/cforsythe/labs/lab4/index.php:49
[29-Sep-2017 19:37:08 UTC] PHP Fatal error:  Maximum execution time of 300 seconds exceeded in /home/ubuntu/workspace/cforsythe/labs/lab4/index.php on line 37
[29-Sep-2017 19:37:08 UTC] PHP Stack trace:
[29-Sep-2017 19:37:08 UTC] PHP   1. {main}() /home/ubuntu/workspace/cforsythe/labs/lab4/index.php:0
[29-Sep-2017 19:37:10 UTC] PHP Fatal error:  Maximum execution time of 300 seconds exceeded in /home/ubuntu/workspace/cforsythe/labs/lab4/index.php on line 35
[29-Sep-2017 19:37:10 UTC] PHP Stack trace:
[29-Sep-2017 19:37:10 UTC] PHP   1. {main}() /home/ubuntu/workspace/cforsythe/labs/lab4/index.php:0
[29-Sep-2017 19:37:27 UTC] PHP Parse error:  syntax error, unexpected '}' in /home/ubuntu/workspace/cforsythe/labs/lab4/index.php on line 50
[29-Sep-2017 19:37:28 UTC] PHP Parse error:  syntax error, unexpected '}' in /home/ubuntu/workspace/cforsythe/labs/lab4/index.php on line 50
[29-Sep-2017 19:38:09 UTC] PHP Fatal error:  Maximum execution time of 300 seconds exceeded in /home/ubuntu/workspace/cforsythe/labs/lab4/index.php on line 35
[29-Sep-2017 19:38:09 UTC] PHP Stack trace:
[29-Sep-2017 19:38:09 UTC] PHP   1. {main}() /home/ubuntu/workspace/cforsythe/labs/lab4/index.php:0
[29-Sep-2017 19:54:48 UTC] PHP Fatal error:  Maximum execution time of 300 seconds exceeded in /home/ubuntu/workspace/cforsythe/labs/lab4/index.php on line 42
[29-Sep-2017 19:54:48 UTC] PHP Stack trace:
[29-Sep-2017 19:54:48 UTC] PHP   1. {main}() /home/ubuntu/workspace/cforsythe/labs/lab4/index.php:0
[29-Sep-2017 20:15:41 UTC] PHP Fatal error:  Maximum execution time of 300 seconds exceeded in /home/ubuntu/workspace/cforsythe/labs/lab4/index.php on line 91
[29-Sep-2017 20:15:41 UTC] PHP Stack trace:
[29-Sep-2017 20:15:41 UTC] PHP   1. {main}() /home/ubuntu/workspace/cforsythe/labs/lab4/index.php:0
[29-Sep-2017 20:15:41 UTC] PHP   2. rand() /home/ubuntu/workspace/cforsythe/labs/lab4/index.php:91
[29-Sep-2017 20:19:18 UTC] PHP Parse error:  syntax error, unexpected '}' in /home/ubuntu/workspace/cforsythe/labs/lab4/index.php on line 117
[29-Sep-2017 20:27:32 UTC] PHP Parse error:  syntax error, unexpected '}' in /home/ubuntu/workspace/cforsythe/labs/lab4/index.php on line 118
[29-Sep-2017 20:37:57 UTC] PHP Fatal error:  Maximum execution time of 300 seconds exceeded in /home/ubuntu/workspace/cforsythe/labs/lab4/index.php on line 93
[29-Sep-2017 20:37:57 UTC] PHP Stack trace:
[29-Sep-2017 20:37:57 UTC] PHP   1. {main}() /home/ubuntu/workspace/cforsythe/labs/lab4/index.php:0
[01-Oct-2017 06:12:29 UTC] PHP Fatal error:  Maximum execution time of 300 seconds exceeded in /home/ubuntu/workspace/cforsythe/labs/lab4/index.php on line 90
[01-Oct-2017 06:12:31 UTC] PHP Stack trace:
[01-Oct-2017 06:12:31 UTC] PHP   1. {main}() /home/ubuntu/workspace/cforsythe/labs/lab4/index.php:0
[01-Oct-2017 06:39:05 UTC] PHP Fatal error:  Maximum execution time of 300 seconds exceeded in /home/ubuntu/workspace/cforsythe/labs/lab4/index.php on line 90
[01-Oct-2017 06:39:06 UTC] PHP Stack trace:
[01-Oct-2017 06:39:06 UTC] PHP   1. {main}() /home/ubuntu/workspace/cforsythe/labs/lab4/index.php:0
[01-Oct-2017 08:00:12 UTC] PHP Fatal error:  Maximum execution time of 300 seconds exceeded in /home/ubuntu/workspace/cforsythe/labs/lab4/index.php on line 90
[01-Oct-2017 08:00:13 UTC] PHP Stack trace:
[01-Oct-2017 08:00:13 UTC] PHP   1. {main}() /home/ubuntu/workspace/cforsythe/labs/lab4/index.php:0
[06-Oct-2017 20:41:11 UTC] PHP Fatal error:  Uncaught exception 'PDOException' with message 'SQLSTATE[42000]: Syntax error or access violation: 1064 You have an error in your SQL syntax; check the manual that corresponds to your MySQL server version for the right syntax to use near '' at line 1' in /home/ubuntu/workspace/cforsythe/labs/lab5/practice.php:27
Stack trace:
#0 /home/ubuntu/workspace/cforsythe/labs/lab5/practice.php(27): PDOStatement->execute()
#1 /home/ubuntu/workspace/cforsythe/labs/lab5/practice.php(46): getDevicesInRange(300, 1000)
#2 {main}
  thrown in /home/ubuntu/workspace/cforsythe/labs/lab5/practice.php on line 27
[06-Oct-2017 20:41:42 UTC] PHP Fatal error:  Uncaught exception 'PDOException' with message 'SQLSTATE[42S02]: Base table or view not found: 1146 Table 'tcp.tc_devices' doesn't exist' in /home/ubuntu/workspace/cforsythe/labs/lab5/practice.php:27
Stack trace:
#0 /home/ubuntu/workspace/cforsythe/labs/lab5/practice.php(27): PDOStatement->execute()
#1 /home/ubuntu/workspace/cforsythe/labs/lab5/practice.php(46): getDevicesInRange(300, 1000)
#2 {main}
  thrown in /home/ubuntu/workspace/cforsythe/labs/lab5/practice.php on line 27
